#
# There is insufficient memory for the Java Runtime Environment to continue.
# Native memory allocation (malloc) failed to allocate 32744 bytes for ChunkPool::allocate
# Possible reasons:
#   The system is out of physical RAM or swap space
#   The process is running with CompressedOops enabled, and the Java Heap may be blocking the growth of the native heap
# Possible solutions:
#   Reduce memory load on the system
#   Increase physical memory or swap space
#   Check if swap backing store is full
#   Decrease Java heap size (-Xmx/-Xms)
#   Decrease number of Java threads
#   Decrease Java thread stack sizes (-Xss)
#   Set larger code cache with -XX:ReservedCodeCacheSize=
#   JVM is running with Zero Based Compressed Oops mode in which the Java heap is
#     placed in the first 32GB address space. The Java Heap base address is the
#     maximum limit for the native heap growth. Please use -XX:HeapBaseMinAddress
#     to set the Java Heap base and to place the Java Heap above 32GB virtual address.
# This output file may be truncated or incomplete.
#
#  Out of Memory Error (arena.cpp:78), pid=19568, tid=21088
#
# JRE version: OpenJDK Runtime Environment (17.0.6) (build 17.0.6+0-b2043.56-9586694)
# Java VM: OpenJDK 64-Bit Server VM (17.0.6+0-b2043.56-9586694, mixed mode, tiered, compressed oops, compressed class ptrs, g1 gc, windows-amd64)
# No core dump will be written. Minidumps are not enabled by default on client versions of Windows
#

---------------  S U M M A R Y ------------

Command Line: org.jetbrains.kotlin.cli.jvm.K2JVMCompiler @C:\Users\JaHost\Documents\GitHub\InvBike\app\build\20230612_11051988258371265456.compiler.options

Host: Intel(R) Core(TM) i7-9750H CPU @ 2.60GHz, 12 cores, 15G,  Windows 11 , 64 bit Build 22621 (10.0.22621.1635)
Time: Mon Jun 12 00:14:56 2023  Windows 11 , 64 bit Build 22621 (10.0.22621.1635) elapsed time: 0.518336 seconds (0d 0h 0m 0s)

---------------  T H R E A D  ---------------

Current thread (0x000001ca4e2803e0):  JavaThread "C2 CompilerThread1" daemon [_thread_in_native, id=21088, stack(0x0000009aafa00000,0x0000009aafb00000)]


Current CompileTask:
C2:    518  715   !   4       java.util.zip.ZipFile$Source::getEntryPos (173 bytes)

Stack: [0x0000009aafa00000,0x0000009aafb00000]
Native frames: (J=compiled Java code, j=interpreted, Vv=VM code, C=native code)
V  [jvm.dll+0x683b4a]
V  [jvm.dll+0x842654]
V  [jvm.dll+0x843dfe]
V  [jvm.dll+0x844463]
V  [jvm.dll+0x249b75]
V  [jvm.dll+0xabecc]
V  [jvm.dll+0xac27c]
V  [jvm.dll+0x58a1c4]
V  [jvm.dll+0x2243b2]
V  [jvm.dll+0x21d8bf]
V  [jvm.dll+0x21b51b]
V  [jvm.dll+0x1a4fdd]
V  [jvm.dll+0x22b098]
V  [jvm.dll+0x229159]
V  [jvm.dll+0x7f809c]
V  [jvm.dll+0x7f25fa]
V  [jvm.dll+0x682985]
C  [ucrtbase.dll+0x29363]
C  [KERNEL32.DLL+0x126ad]
C  [ntdll.dll+0x5a9f8]


---------------  P R O C E S S  ---------------

Threads class SMR info:
_java_thread_list=0x000001ca4e235480, length=13, elements={
0x000001ca2e9a7d70, 0x000001ca4e069260, 0x000001ca4e069e10, 0x000001ca4e07d4c0,
0x000001ca4e081ea0, 0x000001ca4e082850, 0x000001ca4e09fa50, 0x000001ca4e0a0640,
0x000001ca4e0a0ff0, 0x000001ca4e0a19e0, 0x000001ca4e209890, 0x000001ca4e20c320,
0x000001ca4e2803e0
}

Java Threads: ( => current thread )
  0x000001ca2e9a7d70 JavaThread "main" [_thread_in_vm, id=16224, stack(0x0000009aae700000,0x0000009aae800000)]
  0x000001ca4e069260 JavaThread "Reference Handler" daemon [_thread_blocked, id=4716, stack(0x0000009aaee00000,0x0000009aaef00000)]
  0x000001ca4e069e10 JavaThread "Finalizer" daemon [_thread_blocked, id=5964, stack(0x0000009aaef00000,0x0000009aaf000000)]
  0x000001ca4e07d4c0 JavaThread "Signal Dispatcher" daemon [_thread_blocked, id=20872, stack(0x0000009aaf000000,0x0000009aaf100000)]
  0x000001ca4e081ea0 JavaThread "Attach Listener" daemon [_thread_blocked, id=17564, stack(0x0000009aaf100000,0x0000009aaf200000)]
  0x000001ca4e082850 JavaThread "Service Thread" daemon [_thread_blocked, id=7620, stack(0x0000009aaf200000,0x0000009aaf300000)]
  0x000001ca4e09fa50 JavaThread "Monitor Deflation Thread" daemon [_thread_blocked, id=9676, stack(0x0000009aaf300000,0x0000009aaf400000)]
  0x000001ca4e0a0640 JavaThread "C2 CompilerThread0" daemon [_thread_in_native, id=11816, stack(0x0000009aaf400000,0x0000009aaf500000)]
  0x000001ca4e0a0ff0 JavaThread "C1 CompilerThread0" daemon [_thread_in_native, id=15768, stack(0x0000009aaf500000,0x0000009aaf600000)]
  0x000001ca4e0a19e0 JavaThread "Sweeper thread" daemon [_thread_blocked, id=13292, stack(0x0000009aaf600000,0x0000009aaf700000)]
  0x000001ca4e209890 JavaThread "Notification Thread" daemon [_thread_blocked, id=15308, stack(0x0000009aaf700000,0x0000009aaf800000)]
  0x000001ca4e20c320 JavaThread "Common-Cleaner" daemon [_thread_blocked, id=21208, stack(0x0000009aaf900000,0x0000009aafa00000)]
=>0x000001ca4e2803e0 JavaThread "C2 CompilerThread1" daemon [_thread_in_native, id=21088, stack(0x0000009aafa00000,0x0000009aafb00000)]

Other Threads:
  0x000001ca4e047a10 VMThread "VM Thread" [stack: 0x0000009aaed00000,0x0000009aaee00000] [id=9576]
  0x000001ca2ea2e490 WatcherThread [stack: 0x0000009aaf800000,0x0000009aaf900000] [id=15888]
  0x000001ca2ea15620 GCTaskThread "GC Thread#0" [stack: 0x0000009aae800000,0x0000009aae900000] [id=20224]
  0x000001ca4e854100 GCTaskThread "GC Thread#1" [stack: 0x0000009aafb00000,0x0000009aafc00000] [id=21464]
  0x000001ca4e823040 GCTaskThread "GC Thread#2" [stack: 0x0000009aafc00000,0x0000009aafd00000] [id=21876]
  0x000001ca4e7963f0 GCTaskThread "GC Thread#3" [stack: 0x0000009aafd00000,0x0000009aafe00000] [id=13668]
  0x000001ca4e7966a0 GCTaskThread "GC Thread#4" [stack: 0x0000009aafe00000,0x0000009aaff00000] [id=8996]
  0x000001ca4e796950 GCTaskThread "GC Thread#5" [stack: 0x0000009aaff00000,0x0000009ab0000000] [id=12812]
  0x000001ca2ea26580 ConcurrentGCThread "G1 Main Marker" [stack: 0x0000009aae900000,0x0000009aaea00000] [id=21408]
  0x000001ca2ea26f90 ConcurrentGCThread "G1 Conc#0" [stack: 0x0000009aaea00000,0x0000009aaeb00000] [id=9856]
  0x000001ca4d65c530 ConcurrentGCThread "G1 Refine#0" [stack: 0x0000009aaeb00000,0x0000009aaec00000] [id=3260]
  0x000001ca4d65de00 ConcurrentGCThread "G1 Service" [stack: 0x0000009aaec00000,0x0000009aaed00000] [id=6388]

Threads with active compile tasks:
C2 CompilerThread0      536  716   !   4       java.util.zip.ZipFile::getEntry (59 bytes)
C1 CompilerThread0      536  719       3       kotlin.reflect.jvm.internal.impl.protobuf.CodedInputStream::readRawVarint32 (233 bytes)
C2 CompilerThread1      536  715   !   4       java.util.zip.ZipFile$Source::getEntryPos (173 bytes)

VM state: not at safepoint (normal execution)

VM Mutex/Monitor currently owned by a thread: None

Heap address: 0x0000000701400000, size: 4076 MB, Compressed Oops mode: Zero based, Oop shift amount: 3

CDS archive(s) not mapped
Compressed class space mapped at: 0x0000000800000000-0x0000000840000000, reserved size: 1073741824
Narrow klass base: 0x0000000800000000, Narrow klass shift: 0, Narrow klass range: 0x40000000

GC Precious Log:
 CPUs: 12 total, 12 available
 Memory: 16303M
 Large Page Support: Disabled
 NUMA Support: Disabled
 Compressed Oops: Enabled (Zero based)
 Heap Region Size: 2M
 Heap Min Capacity: 8M
 Heap Initial Capacity: 256M
 Heap Max Capacity: 4076M
 Pre-touch: Disabled
 Parallel Workers: 10
 Concurrent Workers: 3
 Concurrent Refinement Workers: 10
 Periodic GC: Disabled

Heap:
 garbage-first heap   total 262144K, used 10856K [0x0000000701400000, 0x0000000800000000)
  region size 2048K, 5 young (10240K), 2 survivors (4096K)
 Metaspace       used 13891K, committed 14080K, reserved 1064960K
  class space    used 1356K, committed 1472K, reserved 1048576K

Heap Regions: E=young(eden), S=young(survivor), O=old, HS=humongous(starts), HC=humongous(continues), CS=collection set, F=free, OA=open archive, CA=closed archive, TAMS=top-at-mark-start (previous, next)
|   0|0x0000000701400000, 0x0000000701600000, 0x0000000701600000|100%|HS|  |TAMS 0x0000000701400000, 0x0000000701400000| Complete 
|   1|0x0000000701600000, 0x0000000701800000, 0x0000000701800000|100%|HC|  |TAMS 0x0000000701600000, 0x0000000701600000| Complete 
|   2|0x0000000701800000, 0x0000000701800000, 0x0000000701a00000|  0%| F|  |TAMS 0x0000000701800000, 0x0000000701800000| Untracked 
|   3|0x0000000701a00000, 0x0000000701a00000, 0x0000000701c00000|  0%| F|  |TAMS 0x0000000701a00000, 0x0000000701a00000| Untracked 
|   4|0x0000000701c00000, 0x0000000701c00000, 0x0000000701e00000|  0%| F|  |TAMS 0x0000000701c00000, 0x0000000701c00000| Untracked 
|   5|0x0000000701e00000, 0x0000000701e00000, 0x0000000702000000|  0%| F|  |TAMS 0x0000000701e00000, 0x0000000701e00000| Untracked 
|   6|0x0000000702000000, 0x0000000702000000, 0x0000000702200000|  0%| F|  |TAMS 0x0000000702000000, 0x0000000702000000| Untracked 
|   7|0x0000000702200000, 0x0000000702200000, 0x0000000702400000|  0%| F|  |TAMS 0x0000000702200000, 0x0000000702200000| Untracked 
|   8|0x0000000702400000, 0x0000000702400000, 0x0000000702600000|  0%| F|  |TAMS 0x0000000702400000, 0x0000000702400000| Untracked 
|   9|0x0000000702600000, 0x0000000702600000, 0x0000000702800000|  0%| F|  |TAMS 0x0000000702600000, 0x0000000702600000| Untracked 
|  10|0x0000000702800000, 0x0000000702800000, 0x0000000702a00000|  0%| F|  |TAMS 0x0000000702800000, 0x0000000702800000| Untracked 
|  11|0x0000000702a00000, 0x0000000702a00000, 0x0000000702c00000|  0%| F|  |TAMS 0x0000000702a00000, 0x0000000702a00000| Untracked 
|  12|0x0000000702c00000, 0x0000000702c00000, 0x0000000702e00000|  0%| F|  |TAMS 0x0000000702c00000, 0x0000000702c00000| Untracked 
|  13|0x0000000702e00000, 0x0000000702e00000, 0x0000000703000000|  0%| F|  |TAMS 0x0000000702e00000, 0x0000000702e00000| Untracked 
|  14|0x0000000703000000, 0x0000000703000000, 0x0000000703200000|  0%| F|  |TAMS 0x0000000703000000, 0x0000000703000000| Untracked 
|  15|0x0000000703200000, 0x0000000703200000, 0x0000000703400000|  0%| F|  |TAMS 0x0000000703200000, 0x0000000703200000| Untracked 
|  16|0x0000000703400000, 0x0000000703400000, 0x0000000703600000|  0%| F|  |TAMS 0x0000000703400000, 0x0000000703400000| Untracked 
|  17|0x0000000703600000, 0x0000000703600000, 0x0000000703800000|  0%| F|  |TAMS 0x0000000703600000, 0x0000000703600000| Untracked 
|  18|0x0000000703800000, 0x0000000703800000, 0x0000000703a00000|  0%| F|  |TAMS 0x0000000703800000, 0x0000000703800000| Untracked 
|  19|0x0000000703a00000, 0x0000000703a00000, 0x0000000703c00000|  0%| F|  |TAMS 0x0000000703a00000, 0x0000000703a00000| Untracked 
|  20|0x0000000703c00000, 0x0000000703c00000, 0x0000000703e00000|  0%| F|  |TAMS 0x0000000703c00000, 0x0000000703c00000| Untracked 
|  21|0x0000000703e00000, 0x0000000703e00000, 0x0000000704000000|  0%| F|  |TAMS 0x0000000703e00000, 0x0000000703e00000| Untracked 
|  22|0x0000000704000000, 0x0000000704000000, 0x0000000704200000|  0%| F|  |TAMS 0x0000000704000000, 0x0000000704000000| Untracked 
|  23|0x0000000704200000, 0x0000000704200000, 0x0000000704400000|  0%| F|  |TAMS 0x0000000704200000, 0x0000000704200000| Untracked 
|  24|0x0000000704400000, 0x0000000704400000, 0x0000000704600000|  0%| F|  |TAMS 0x0000000704400000, 0x0000000704400000| Untracked 
|  25|0x0000000704600000, 0x0000000704600000, 0x0000000704800000|  0%| F|  |TAMS 0x0000000704600000, 0x0000000704600000| Untracked 
|  26|0x0000000704800000, 0x0000000704800000, 0x0000000704a00000|  0%| F|  |TAMS 0x0000000704800000, 0x0000000704800000| Untracked 
|  27|0x0000000704a00000, 0x0000000704a00000, 0x0000000704c00000|  0%| F|  |TAMS 0x0000000704a00000, 0x0000000704a00000| Untracked 
|  28|0x0000000704c00000, 0x0000000704c00000, 0x0000000704e00000|  0%| F|  |TAMS 0x0000000704c00000, 0x0000000704c00000| Untracked 
|  29|0x0000000704e00000, 0x0000000704e00000, 0x0000000705000000|  0%| F|  |TAMS 0x0000000704e00000, 0x0000000704e00000| Untracked 
|  30|0x0000000705000000, 0x0000000705000000, 0x0000000705200000|  0%| F|  |TAMS 0x0000000705000000, 0x0000000705000000| Untracked 
|  31|0x0000000705200000, 0x0000000705200000, 0x0000000705400000|  0%| F|  |TAMS 0x0000000705200000, 0x0000000705200000| Untracked 
|  32|0x0000000705400000, 0x0000000705400000, 0x0000000705600000|  0%| F|  |TAMS 0x0000000705400000, 0x0000000705400000| Untracked 
|  33|0x0000000705600000, 0x0000000705600000, 0x0000000705800000|  0%| F|  |TAMS 0x0000000705600000, 0x0000000705600000| Untracked 
|  34|0x0000000705800000, 0x0000000705800000, 0x0000000705a00000|  0%| F|  |TAMS 0x0000000705800000, 0x0000000705800000| Untracked 
|  35|0x0000000705a00000, 0x0000000705a00000, 0x0000000705c00000|  0%| F|  |TAMS 0x0000000705a00000, 0x0000000705a00000| Untracked 
|  36|0x0000000705c00000, 0x0000000705c00000, 0x0000000705e00000|  0%| F|  |TAMS 0x0000000705c00000, 0x0000000705c00000| Untracked 
|  37|0x0000000705e00000, 0x0000000705e00000, 0x0000000706000000|  0%| F|  |TAMS 0x0000000705e00000, 0x0000000705e00000| Untracked 
|  38|0x0000000706000000, 0x0000000706000000, 0x0000000706200000|  0%| F|  |TAMS 0x0000000706000000, 0x0000000706000000| Untracked 
|  39|0x0000000706200000, 0x0000000706200000, 0x0000000706400000|  0%| F|  |TAMS 0x0000000706200000, 0x0000000706200000| Untracked 
|  40|0x0000000706400000, 0x0000000706400000, 0x0000000706600000|  0%| F|  |TAMS 0x0000000706400000, 0x0000000706400000| Untracked 
|  41|0x0000000706600000, 0x0000000706600000, 0x0000000706800000|  0%| F|  |TAMS 0x0000000706600000, 0x0000000706600000| Untracked 
|  42|0x0000000706800000, 0x0000000706800000, 0x0000000706a00000|  0%| F|  |TAMS 0x0000000706800000, 0x0000000706800000| Untracked 
|  43|0x0000000706a00000, 0x0000000706a00000, 0x0000000706c00000|  0%| F|  |TAMS 0x0000000706a00000, 0x0000000706a00000| Untracked 
|  44|0x0000000706c00000, 0x0000000706c00000, 0x0000000706e00000|  0%| F|  |TAMS 0x0000000706c00000, 0x0000000706c00000| Untracked 
|  45|0x0000000706e00000, 0x0000000706e00000, 0x0000000707000000|  0%| F|  |TAMS 0x0000000706e00000, 0x0000000706e00000| Untracked 
|  46|0x0000000707000000, 0x0000000707000000, 0x0000000707200000|  0%| F|  |TAMS 0x0000000707000000, 0x0000000707000000| Untracked 
|  47|0x0000000707200000, 0x0000000707200000, 0x0000000707400000|  0%| F|  |TAMS 0x0000000707200000, 0x0000000707200000| Untracked 
|  48|0x0000000707400000, 0x0000000707400000, 0x0000000707600000|  0%| F|  |TAMS 0x0000000707400000, 0x0000000707400000| Untracked 
|  49|0x0000000707600000, 0x0000000707600000, 0x0000000707800000|  0%| F|  |TAMS 0x0000000707600000, 0x0000000707600000| Untracked 
|  50|0x0000000707800000, 0x0000000707800000, 0x0000000707a00000|  0%| F|  |TAMS 0x0000000707800000, 0x0000000707800000| Untracked 
|  51|0x0000000707a00000, 0x0000000707a00000, 0x0000000707c00000|  0%| F|  |TAMS 0x0000000707a00000, 0x0000000707a00000| Untracked 
|  52|0x0000000707c00000, 0x0000000707c00000, 0x0000000707e00000|  0%| F|  |TAMS 0x0000000707c00000, 0x0000000707c00000| Untracked 
|  53|0x0000000707e00000, 0x0000000707e00000, 0x0000000708000000|  0%| F|  |TAMS 0x0000000707e00000, 0x0000000707e00000| Untracked 
|  54|0x0000000708000000, 0x0000000708000000, 0x0000000708200000|  0%| F|  |TAMS 0x0000000708000000, 0x0000000708000000| Untracked 
|  55|0x0000000708200000, 0x0000000708200000, 0x0000000708400000|  0%| F|  |TAMS 0x0000000708200000, 0x0000000708200000| Untracked 
|  56|0x0000000708400000, 0x0000000708400000, 0x0000000708600000|  0%| F|  |TAMS 0x0000000708400000, 0x0000000708400000| Untracked 
|  57|0x0000000708600000, 0x0000000708600000, 0x0000000708800000|  0%| F|  |TAMS 0x0000000708600000, 0x0000000708600000| Untracked 
|  58|0x0000000708800000, 0x0000000708800000, 0x0000000708a00000|  0%| F|  |TAMS 0x0000000708800000, 0x0000000708800000| Untracked 
|  59|0x0000000708a00000, 0x0000000708a00000, 0x0000000708c00000|  0%| F|  |TAMS 0x0000000708a00000, 0x0000000708a00000| Untracked 
|  60|0x0000000708c00000, 0x0000000708c00000, 0x0000000708e00000|  0%| F|  |TAMS 0x0000000708c00000, 0x0000000708c00000| Untracked 
|  61|0x0000000708e00000, 0x0000000708e00000, 0x0000000709000000|  0%| F|  |TAMS 0x0000000708e00000, 0x0000000708e00000| Untracked 
|  62|0x0000000709000000, 0x0000000709000000, 0x0000000709200000|  0%| F|  |TAMS 0x0000000709000000, 0x0000000709000000| Untracked 
|  63|0x0000000709200000, 0x0000000709200000, 0x0000000709400000|  0%| F|  |TAMS 0x0000000709200000, 0x0000000709200000| Untracked 
|  64|0x0000000709400000, 0x0000000709400000, 0x0000000709600000|  0%| F|  |TAMS 0x0000000709400000, 0x0000000709400000| Untracked 
|  65|0x0000000709600000, 0x0000000709600000, 0x0000000709800000|  0%| F|  |TAMS 0x0000000709600000, 0x0000000709600000| Untracked 
|  66|0x0000000709800000, 0x0000000709800000, 0x0000000709a00000|  0%| F|  |TAMS 0x0000000709800000, 0x0000000709800000| Untracked 
|  67|0x0000000709a00000, 0x0000000709a00000, 0x0000000709c00000|  0%| F|  |TAMS 0x0000000709a00000, 0x0000000709a00000| Untracked 
|  68|0x0000000709c00000, 0x0000000709c00000, 0x0000000709e00000|  0%| F|  |TAMS 0x0000000709c00000, 0x0000000709c00000| Untracked 
|  69|0x0000000709e00000, 0x0000000709e00000, 0x000000070a000000|  0%| F|  |TAMS 0x0000000709e00000, 0x0000000709e00000| Untracked 
|  70|0x000000070a000000, 0x000000070a000000, 0x000000070a200000|  0%| F|  |TAMS 0x000000070a000000, 0x000000070a000000| Untracked 
|  71|0x000000070a200000, 0x000000070a200000, 0x000000070a400000|  0%| F|  |TAMS 0x000000070a200000, 0x000000070a200000| Untracked 
|  72|0x000000070a400000, 0x000000070a400000, 0x000000070a600000|  0%| F|  |TAMS 0x000000070a400000, 0x000000070a400000| Untracked 
|  73|0x000000070a600000, 0x000000070a600000, 0x000000070a800000|  0%| F|  |TAMS 0x000000070a600000, 0x000000070a600000| Untracked 
|  74|0x000000070a800000, 0x000000070a800000, 0x000000070aa00000|  0%| F|  |TAMS 0x000000070a800000, 0x000000070a800000| Untracked 
|  75|0x000000070aa00000, 0x000000070aa00000, 0x000000070ac00000|  0%| F|  |TAMS 0x000000070aa00000, 0x000000070aa00000| Untracked 
|  76|0x000000070ac00000, 0x000000070ac00000, 0x000000070ae00000|  0%| F|  |TAMS 0x000000070ac00000, 0x000000070ac00000| Untracked 
|  77|0x000000070ae00000, 0x000000070ae00000, 0x000000070b000000|  0%| F|  |TAMS 0x000000070ae00000, 0x000000070ae00000| Untracked 
|  78|0x000000070b000000, 0x000000070b000000, 0x000000070b200000|  0%| F|  |TAMS 0x000000070b000000, 0x000000070b000000| Untracked 
|  79|0x000000070b200000, 0x000000070b200000, 0x000000070b400000|  0%| F|  |TAMS 0x000000070b200000, 0x000000070b200000| Untracked 
|  80|0x000000070b400000, 0x000000070b400000, 0x000000070b600000|  0%| F|  |TAMS 0x000000070b400000, 0x000000070b400000| Untracked 
|  81|0x000000070b600000, 0x000000070b600000, 0x000000070b800000|  0%| F|  |TAMS 0x000000070b600000, 0x000000070b600000| Untracked 
|  82|0x000000070b800000, 0x000000070b800000, 0x000000070ba00000|  0%| F|  |TAMS 0x000000070b800000, 0x000000070b800000| Untracked 
|  83|0x000000070ba00000, 0x000000070ba00000, 0x000000070bc00000|  0%| F|  |TAMS 0x000000070ba00000, 0x000000070ba00000| Untracked 
|  84|0x000000070bc00000, 0x000000070bc00000, 0x000000070be00000|  0%| F|  |TAMS 0x000000070bc00000, 0x000000070bc00000| Untracked 
|  85|0x000000070be00000, 0x000000070be00000, 0x000000070c000000|  0%| F|  |TAMS 0x000000070be00000, 0x000000070be00000| Untracked 
|  86|0x000000070c000000, 0x000000070c000000, 0x000000070c200000|  0%| F|  |TAMS 0x000000070c000000, 0x000000070c000000| Untracked 
|  87|0x000000070c200000, 0x000000070c200000, 0x000000070c400000|  0%| F|  |TAMS 0x000000070c200000, 0x000000070c200000| Untracked 
|  88|0x000000070c400000, 0x000000070c400000, 0x000000070c600000|  0%| F|  |TAMS 0x000000070c400000, 0x000000070c400000| Untracked 
|  89|0x000000070c600000, 0x000000070c600000, 0x000000070c800000|  0%| F|  |TAMS 0x000000070c600000, 0x000000070c600000| Untracked 
|  90|0x000000070c800000, 0x000000070c800000, 0x000000070ca00000|  0%| F|  |TAMS 0x000000070c800000, 0x000000070c800000| Untracked 
|  91|0x000000070ca00000, 0x000000070ca00000, 0x000000070cc00000|  0%| F|  |TAMS 0x000000070ca00000, 0x000000070ca00000| Untracked 
|  92|0x000000070cc00000, 0x000000070cc00000, 0x000000070ce00000|  0%| F|  |TAMS 0x000000070cc00000, 0x000000070cc00000| Untracked 
|  93|0x000000070ce00000, 0x000000070ce00000, 0x000000070d000000|  0%| F|  |TAMS 0x000000070ce00000, 0x000000070ce00000| Untracked 
|  94|0x000000070d000000, 0x000000070d000000, 0x000000070d200000|  0%| F|  |TAMS 0x000000070d000000, 0x000000070d000000| Untracked 
|  95|0x000000070d200000, 0x000000070d200000, 0x000000070d400000|  0%| F|  |TAMS 0x000000070d200000, 0x000000070d200000| Untracked 
|  96|0x000000070d400000, 0x000000070d400000, 0x000000070d600000|  0%| F|  |TAMS 0x000000070d400000, 0x000000070d400000| Untracked 
|  97|0x000000070d600000, 0x000000070d600000, 0x000000070d800000|  0%| F|  |TAMS 0x000000070d600000, 0x000000070d600000| Untracked 
|  98|0x000000070d800000, 0x000000070d800000, 0x000000070da00000|  0%| F|  |TAMS 0x000000070d800000, 0x000000070d800000| Untracked 
|  99|0x000000070da00000, 0x000000070da00000, 0x000000070dc00000|  0%| F|  |TAMS 0x000000070da00000, 0x000000070da00000| Untracked 
| 100|0x000000070dc00000, 0x000000070dc00000, 0x000000070de00000|  0%| F|  |TAMS 0x000000070dc00000, 0x000000070dc00000| Untracked 
| 101|0x000000070de00000, 0x000000070de00000, 0x000000070e000000|  0%| F|  |TAMS 0x000000070de00000, 0x000000070de00000| Untracked 
| 102|0x000000070e000000, 0x000000070e000000, 0x000000070e200000|  0%| F|  |TAMS 0x000000070e000000, 0x000000070e000000| Untracked 
| 103|0x000000070e200000, 0x000000070e200000, 0x000000070e400000|  0%| F|  |TAMS 0x000000070e200000, 0x000000070e200000| Untracked 
| 104|0x000000070e400000, 0x000000070e400000, 0x000000070e600000|  0%| F|  |TAMS 0x000000070e400000, 0x000000070e400000| Untracked 
| 105|0x000000070e600000, 0x000000070e600000, 0x000000070e800000|  0%| F|  |TAMS 0x000000070e600000, 0x000000070e600000| Untracked 
| 106|0x000000070e800000, 0x000000070e800000, 0x000000070ea00000|  0%| F|  |TAMS 0x000000070e800000, 0x000000070e800000| Untracked 
| 107|0x000000070ea00000, 0x000000070ea00000, 0x000000070ec00000|  0%| F|  |TAMS 0x000000070ea00000, 0x000000070ea00000| Untracked 
| 108|0x000000070ec00000, 0x000000070ec00000, 0x000000070ee00000|  0%| F|  |TAMS 0x000000070ec00000, 0x000000070ec00000| Untracked 
| 109|0x000000070ee00000, 0x000000070ee00000, 0x000000070f000000|  0%| F|  |TAMS 0x000000070ee00000, 0x000000070ee00000| Untracked 
| 110|0x000000070f000000, 0x000000070f000000, 0x000000070f200000|  0%| F|  |TAMS 0x000000070f000000, 0x000000070f000000| Untracked 
| 111|0x000000070f200000, 0x000000070f200000, 0x000000070f400000|  0%| F|  |TAMS 0x000000070f200000, 0x000000070f200000| Untracked 
| 112|0x000000070f400000, 0x000000070f400000, 0x000000070f600000|  0%| F|  |TAMS 0x000000070f400000, 0x000000070f400000| Untracked 
| 113|0x000000070f600000, 0x000000070f600000, 0x000000070f800000|  0%| F|  |TAMS 0x000000070f600000, 0x000000070f600000| Untracked 
| 114|0x000000070f800000, 0x000000070f800000, 0x000000070fa00000|  0%| F|  |TAMS 0x000000070f800000, 0x000000070f800000| Untracked 
| 115|0x000000070fa00000, 0x000000070fa9a190, 0x000000070fc00000| 30%| S|CS|TAMS 0x000000070fa00000, 0x000000070fa00000| Complete 
| 116|0x000000070fc00000, 0x000000070fe00000, 0x000000070fe00000|100%| S|CS|TAMS 0x000000070fc00000, 0x000000070fc00000| Complete 
| 117|0x000000070fe00000, 0x000000070fe00000, 0x0000000710000000|  0%| F|  |TAMS 0x000000070fe00000, 0x000000070fe00000| Untracked 
| 118|0x0000000710000000, 0x0000000710000000, 0x0000000710200000|  0%| F|  |TAMS 0x0000000710000000, 0x0000000710000000| Untracked 
| 119|0x0000000710200000, 0x0000000710200000, 0x0000000710400000|  0%| F|  |TAMS 0x0000000710200000, 0x0000000710200000| Untracked 
| 120|0x0000000710400000, 0x0000000710400000, 0x0000000710600000|  0%| F|  |TAMS 0x0000000710400000, 0x0000000710400000| Untracked 
| 121|0x0000000710600000, 0x0000000710600000, 0x0000000710800000|  0%| F|  |TAMS 0x0000000710600000, 0x0000000710600000| Untracked 
| 122|0x0000000710800000, 0x0000000710800000, 0x0000000710a00000|  0%| F|  |TAMS 0x0000000710800000, 0x0000000710800000| Untracked 
| 123|0x0000000710a00000, 0x0000000710a00000, 0x0000000710c00000|  0%| F|  |TAMS 0x0000000710a00000, 0x0000000710a00000| Untracked 
| 124|0x0000000710c00000, 0x0000000710c00000, 0x0000000710e00000|  0%| F|  |TAMS 0x0000000710c00000, 0x0000000710c00000| Untracked 
| 125|0x0000000710e00000, 0x0000000710f8ac10, 0x0000000711000000| 77%| E|  |TAMS 0x0000000710e00000, 0x0000000710e00000| Complete 
| 126|0x0000000711000000, 0x0000000711200000, 0x0000000711200000|100%| E|CS|TAMS 0x0000000711000000, 0x0000000711000000| Complete 
| 127|0x0000000711200000, 0x0000000711400000, 0x0000000711400000|100%| E|CS|TAMS 0x0000000711200000, 0x0000000711200000| Complete 

Card table byte_map: [0x000001ca41bc0000,0x000001ca423c0000] _byte_map_base: 0x000001ca3e3b6000

Marking Bits (Prev, Next): (CMBitMap*) 0x000001ca2ea15c30, (CMBitMap*) 0x000001ca2ea15c70
 Prev Bits: [0x000001ca42bc0000, 0x000001ca46b70000)
 Next Bits: [0x000001ca46b70000, 0x000001ca4ab20000)

Polling page: 0x000001ca2c9b0000

Metaspace:

Usage:
  Non-class:     12.24 MB used.
      Class:      1.32 MB used.
       Both:     13.57 MB used.

Virtual space:
  Non-class space:       16.00 MB reserved,      12.31 MB ( 77%) committed,  2 nodes.
      Class space:        1.00 GB reserved,       1.44 MB ( <1%) committed,  1 nodes.
             Both:        1.02 GB reserved,      13.75 MB (  1%) committed. 

Chunk freelists:
   Non-Class:  3.09 MB
       Class:  2.61 MB
        Both:  5.70 MB

MaxMetaspaceSize: unlimited
CompressedClassSpaceSize: 1.00 GB
Initial GC threshold: 21.00 MB
Current GC threshold: 21.00 MB
CDS: off
MetaspaceReclaimPolicy: balanced
 - commit_granule_bytes: 65536.
 - commit_granule_words: 8192.
 - virtual_space_node_default_size: 1048576.
 - enlarge_chunks_in_place: 1.
 - new_chunks_are_fully_committed: 0.
 - uncommit_free_chunks: 1.
 - use_allocation_guard: 0.
 - handle_deallocations: 1.


Internal statistics:

num_allocs_failed_limit: 0.
num_arena_births: 6.
num_arena_deaths: 0.
num_vsnodes_births: 3.
num_vsnodes_deaths: 0.
num_space_committed: 220.
num_space_uncommitted: 0.
num_chunks_returned_to_freelist: 0.
num_chunks_taken_from_freelist: 223.
num_chunk_merges: 0.
num_chunk_splits: 200.
num_chunks_enlarged: 193.
num_purges: 0.
num_inconsistent_stats: 0.

CodeHeap 'non-profiled nmethods': size=120000Kb used=200Kb max_used=200Kb free=119799Kb
 bounds [0x000001ca39940000, 0x000001ca39bb0000, 0x000001ca40e70000]
CodeHeap 'profiled nmethods': size=120000Kb used=1269Kb max_used=1269Kb free=118730Kb
 bounds [0x000001ca31e70000, 0x000001ca320e0000, 0x000001ca393a0000]
CodeHeap 'non-nmethods': size=5760Kb used=1144Kb max_used=1169Kb free=4615Kb
 bounds [0x000001ca393a0000, 0x000001ca39610000, 0x000001ca39940000]
 total_blobs=1144 nmethods=715 adapters=342
 compilation: enabled
              stopped_count=0, restarted_count=0
 full_count=0

Compilation events (20 events):
Event: 0.502 Thread 0x000001ca4e0a0ff0  710       3       kotlin.reflect.jvm.internal.impl.protobuf.GeneratedMessageLite$ExtendableMessage$ExtensionWriter::<init> (57 bytes)
Event: 0.502 Thread 0x000001ca4e0a0ff0 nmethod 710 0x000001ca31faae10 code [0x000001ca31fab000, 0x000001ca31fab608]
Event: 0.502 Thread 0x000001ca4e0a0ff0  711       3       kotlin.reflect.jvm.internal.impl.protobuf.FieldSet::iterator (40 bytes)
Event: 0.503 Thread 0x000001ca4e0a0ff0 nmethod 711 0x000001ca31fab810 code [0x000001ca31faba00, 0x000001ca31fabee8]
Event: 0.503 Thread 0x000001ca4e0a0ff0  712       3       java.util.Collections$UnmodifiableCollection::size (10 bytes)
Event: 0.503 Thread 0x000001ca4e0a0ff0 nmethod 712 0x000001ca31fac090 code [0x000001ca31fac240, 0x000001ca31fac428]
Event: 0.503 Thread 0x000001ca4e0a0ff0  697       1       kotlin.reflect.jvm.internal.impl.metadata.ProtoBuf$Property::getVersionRequirementList (5 bytes)
Event: 0.503 Thread 0x000001ca4e0a0ff0 nmethod 697 0x000001ca39971490 code [0x000001ca39971620, 0x000001ca399716f8]
Event: 0.503 Thread 0x000001ca4e0a0ff0  679       1       kotlin.reflect.jvm.internal.impl.metadata.jvm.JvmProtoBuf$JvmPropertySignature::getSyntheticMethod (5 bytes)
Event: 0.503 Thread 0x000001ca4e0a0ff0 nmethod 679 0x000001ca39971790 code [0x000001ca39971920, 0x000001ca399719f8]
Event: 0.503 Thread 0x000001ca4e0a0ff0  673       1       java.util.Collections$EmptyMap::get (2 bytes)
Event: 0.503 Thread 0x000001ca4e0a0ff0 nmethod 673 0x000001ca39971a90 code [0x000001ca39971c20, 0x000001ca39971cf8]
Event: 0.503 Thread 0x000001ca4e0a0ff0  678       1       kotlin.reflect.jvm.internal.impl.metadata.jvm.JvmProtoBuf$JvmPropertySignature::access$4000 (5 bytes)
Event: 0.503 Thread 0x000001ca4e0a0ff0 nmethod 678 0x000001ca39971d90 code [0x000001ca39971f20, 0x000001ca39971fd8]
Event: 0.505 Thread 0x000001ca4e0a0ff0  713       3       sun.reflect.generics.parser.SignatureParser::advance (53 bytes)
Event: 0.505 Thread 0x000001ca4e0a0ff0 nmethod 713 0x000001ca31fac510 code [0x000001ca31fac6c0, 0x000001ca31fac918]
Event: 0.506 Thread 0x000001ca4e0a0ff0  714       3       java.lang.PublicMethods$Key::matches (31 bytes)
Event: 0.506 Thread 0x000001ca4e0a0ff0 nmethod 714 0x000001ca31faca10 code [0x000001ca31facbe0, 0x000001ca31facf58]
Event: 0.513 Thread 0x000001ca4e2803e0  715   !   4       java.util.zip.ZipFile$Source::getEntryPos (173 bytes)
Event: 0.514 Thread 0x000001ca4e0a0640  716   !   4       java.util.zip.ZipFile::getEntry (59 bytes)

GC Heap History (2 events):
Event: 0.450 GC heap before
{Heap before GC invocations=0 (full 0):
 garbage-first heap   total 262144K, used 24576K [0x0000000701400000, 0x0000000800000000)
  region size 2048K, 11 young (22528K), 0 survivors (0K)
 Metaspace       used 12814K, committed 12928K, reserved 1064960K
  class space    used 1220K, committed 1280K, reserved 1048576K
}
Event: 0.452 GC heap after
{Heap after GC invocations=1 (full 0):
 garbage-first heap   total 262144K, used 6760K [0x0000000701400000, 0x0000000800000000)
  region size 2048K, 2 young (4096K), 2 survivors (4096K)
 Metaspace       used 12814K, committed 12928K, reserved 1064960K
  class space    used 1220K, committed 1280K, reserved 1048576K
}

Dll operation events (1 events):
Event: 0.007 Loaded shared library C:\Program Files\Android\Android Studio\jbr\bin\java.dll

Deoptimization events (20 events):
Event: 0.110 Thread 0x000001ca2e9a7d70 DEOPT PACKING pc=0x000001ca31e8510c sp=0x0000009aae7fd800
Event: 0.110 Thread 0x000001ca2e9a7d70 DEOPT UNPACKING pc=0x000001ca393f7143 sp=0x0000009aae7fcc90 mode 0
Event: 0.139 Thread 0x000001ca2e9a7d70 Uncommon trap: trap_request=0xffffff45 fr.pc=0x000001ca39945808 relative=0x0000000000000728
Event: 0.139 Thread 0x000001ca2e9a7d70 Uncommon trap: reason=unstable_if action=reinterpret pc=0x000001ca39945808 method=java.util.zip.ZipFile$Source.checkAndAddEntry(II)I @ 50 c2
Event: 0.139 Thread 0x000001ca2e9a7d70 DEOPT PACKING pc=0x000001ca39945808 sp=0x0000009aae7fe3e0
Event: 0.139 Thread 0x000001ca2e9a7d70 DEOPT UNPACKING pc=0x000001ca393f69a3 sp=0x0000009aae7fe358 mode 2
Event: 0.197 Thread 0x000001ca2e9a7d70 DEOPT PACKING pc=0x000001ca31e837e7 sp=0x0000009aae7fa030
Event: 0.197 Thread 0x000001ca2e9a7d70 DEOPT UNPACKING pc=0x000001ca393f7143 sp=0x0000009aae7f9450 mode 0
Event: 0.209 Thread 0x000001ca2e9a7d70 DEOPT PACKING pc=0x000001ca31e82b51 sp=0x0000009aae7fcab0
Event: 0.209 Thread 0x000001ca2e9a7d70 DEOPT UNPACKING pc=0x000001ca393f7143 sp=0x0000009aae7fbf28 mode 0
Event: 0.317 Thread 0x000001ca2e9a7d70 DEOPT PACKING pc=0x000001ca31ef0b0b sp=0x0000009aae7f8080
Event: 0.317 Thread 0x000001ca2e9a7d70 DEOPT UNPACKING pc=0x000001ca393f7143 sp=0x0000009aae7f74e0 mode 0
Event: 0.346 Thread 0x000001ca2e9a7d70 DEOPT PACKING pc=0x000001ca31ea4af7 sp=0x0000009aae7faed0
Event: 0.346 Thread 0x000001ca2e9a7d70 DEOPT UNPACKING pc=0x000001ca393f7143 sp=0x0000009aae7fa380 mode 0
Event: 0.353 Thread 0x000001ca2e9a7d70 DEOPT PACKING pc=0x000001ca31e97756 sp=0x0000009aae7fb050
Event: 0.353 Thread 0x000001ca2e9a7d70 DEOPT UNPACKING pc=0x000001ca393f7143 sp=0x0000009aae7fa4d8 mode 0
Event: 0.419 Thread 0x000001ca2e9a7d70 DEOPT PACKING pc=0x000001ca31ec0148 sp=0x0000009aae7fc6e0
Event: 0.419 Thread 0x000001ca2e9a7d70 DEOPT UNPACKING pc=0x000001ca393f7143 sp=0x0000009aae7fbbf8 mode 0
Event: 0.462 Thread 0x000001ca2e9a7d70 DEOPT PACKING pc=0x000001ca31ebbee5 sp=0x0000009aae7fc550
Event: 0.462 Thread 0x000001ca2e9a7d70 DEOPT UNPACKING pc=0x000001ca393f7143 sp=0x0000009aae7fb9a0 mode 0

Classes unloaded (0 events):
No events

Classes redefined (0 events):
No events

Internal exceptions (0 events):
No events

VM Operations (8 events):
Event: 0.115 Executing VM operation: HandshakeAllThreads
Event: 0.115 Executing VM operation: HandshakeAllThreads done
Event: 0.220 Executing VM operation: HandshakeAllThreads
Event: 0.220 Executing VM operation: HandshakeAllThreads done
Event: 0.327 Executing VM operation: HandshakeAllThreads
Event: 0.327 Executing VM operation: HandshakeAllThreads done
Event: 0.449 Executing VM operation: G1CollectForAllocation
Event: 0.452 Executing VM operation: G1CollectForAllocation done

Events (20 events):
Event: 0.491 loading class jdk/internal/reflect/UnsafeQualifiedStaticFieldAccessorImpl done
Event: 0.491 loading class jdk/internal/reflect/UnsafeQualifiedStaticObjectFieldAccessorImpl done
Event: 0.505 loading class sun/reflect/generics/repository/ClassRepository
Event: 0.505 loading class sun/reflect/generics/repository/GenericDeclRepository
Event: 0.505 loading class sun/reflect/generics/repository/AbstractRepository
Event: 0.505 loading class sun/reflect/generics/repository/AbstractRepository done
Event: 0.505 loading class sun/reflect/generics/repository/GenericDeclRepository done
Event: 0.505 loading class sun/reflect/generics/repository/ClassRepository done
Event: 0.505 loading class sun/reflect/generics/tree/FormalTypeParameter
Event: 0.505 loading class sun/reflect/generics/tree/FormalTypeParameter done
Event: 0.505 loading class sun/reflect/generics/tree/ClassSignature
Event: 0.505 loading class sun/reflect/generics/tree/Signature
Event: 0.505 loading class sun/reflect/generics/tree/Signature done
Event: 0.505 loading class sun/reflect/generics/tree/ClassSignature done
Event: 0.505 loading class java/lang/reflect/TypeVariable
Event: 0.505 loading class java/lang/reflect/TypeVariable done
Event: 0.506 loading class java/lang/reflect/AnnotatedType
Event: 0.506 loading class java/lang/reflect/AnnotatedType done
Event: 0.511 loading class java/io/DataInputStream
Event: 0.512 loading class java/io/DataInputStream done


Dynamic libraries:
0x00007ff6a7f40000 - 0x00007ff6a7f4a000 	C:\Program Files\Android\Android Studio\jbr\bin\java.exe
0x00007ffd63d50000 - 0x00007ffd63f64000 	C:\WINDOWS\SYSTEM32\ntdll.dll
0x00007ffd62e80000 - 0x00007ffd62f42000 	C:\WINDOWS\System32\KERNEL32.DLL
0x00007ffd615c0000 - 0x00007ffd61963000 	C:\WINDOWS\System32\KERNELBASE.dll
0x00007ffd61280000 - 0x00007ffd61391000 	C:\WINDOWS\System32\ucrtbase.dll
0x00007ffd38c40000 - 0x00007ffd38c57000 	C:\Program Files\Android\Android Studio\jbr\bin\jli.dll
0x00007ffd39970000 - 0x00007ffd3998b000 	C:\Program Files\Android\Android Studio\jbr\bin\VCRUNTIME140.dll
0x00007ffd632d0000 - 0x00007ffd6347b000 	C:\WINDOWS\System32\USER32.dll
0x00007ffd520e0000 - 0x00007ffd5236e000 	C:\WINDOWS\WinSxS\amd64_microsoft.windows.common-controls_6595b64144ccf1df_6.0.22621.1635_none_270f70857386168e\COMCTL32.dll
0x00007ffd61590000 - 0x00007ffd615b6000 	C:\WINDOWS\System32\win32u.dll
0x00007ffd62580000 - 0x00007ffd62627000 	C:\WINDOWS\System32\msvcrt.dll
0x00007ffd61b80000 - 0x00007ffd61ba9000 	C:\WINDOWS\System32\GDI32.dll
0x00007ffd61970000 - 0x00007ffd61a88000 	C:\WINDOWS\System32\gdi32full.dll
0x00007ffd611e0000 - 0x00007ffd6127a000 	C:\WINDOWS\System32\msvcp_win.dll
0x00007ffd62640000 - 0x00007ffd62671000 	C:\WINDOWS\System32\IMM32.DLL
0x00007ffd555b0000 - 0x00007ffd555bc000 	C:\Program Files\Android\Android Studio\jbr\bin\vcruntime140_1.dll
0x00007ffd32490000 - 0x00007ffd3251d000 	C:\Program Files\Android\Android Studio\jbr\bin\msvcp140.dll
0x00007ffd49470000 - 0x00007ffd4a0dd000 	C:\Program Files\Android\Android Studio\jbr\bin\server\jvm.dll
0x00007ffd62fe0000 - 0x00007ffd6308e000 	C:\WINDOWS\System32\ADVAPI32.dll
0x00007ffd63b60000 - 0x00007ffd63c04000 	C:\WINDOWS\System32\sechost.dll
0x00007ffd62460000 - 0x00007ffd62577000 	C:\WINDOWS\System32\RPCRT4.dll
0x00007ffd59280000 - 0x00007ffd592b4000 	C:\WINDOWS\SYSTEM32\WINMM.dll
0x00007ffd4c010000 - 0x00007ffd4c019000 	C:\WINDOWS\SYSTEM32\WSOCK32.dll
0x00007ffd59810000 - 0x00007ffd5981a000 	C:\WINDOWS\SYSTEM32\VERSION.dll
0x00007ffd63480000 - 0x00007ffd634f1000 	C:\WINDOWS\System32\WS2_32.dll
0x00007ffd602b0000 - 0x00007ffd602c8000 	C:\WINDOWS\SYSTEM32\kernel.appcore.dll
0x00007ffd4c000000 - 0x00007ffd4c00a000 	C:\Program Files\Android\Android Studio\jbr\bin\jimage.dll
0x00007ffd5eb50000 - 0x00007ffd5ed7e000 	C:\WINDOWS\SYSTEM32\DBGHELP.DLL
0x00007ffd62030000 - 0x00007ffd623b9000 	C:\WINDOWS\System32\combase.dll
0x00007ffd63090000 - 0x00007ffd63167000 	C:\WINDOWS\System32\OLEAUT32.dll
0x00007ffd47610000 - 0x00007ffd47642000 	C:\WINDOWS\SYSTEM32\dbgcore.DLL
0x00007ffd613a0000 - 0x00007ffd6141b000 	C:\WINDOWS\System32\bcryptPrimitives.dll
0x00007ffd4bfd0000 - 0x00007ffd4bff5000 	C:\Program Files\Android\Android Studio\jbr\bin\java.dll
0x00007ffd4bfb0000 - 0x00007ffd4bfc8000 	C:\Program Files\Android\Android Studio\jbr\bin\zip.dll
0x00007ffd62680000 - 0x00007ffd62e7a000 	C:\WINDOWS\System32\SHELL32.dll
0x00007ffd5f180000 - 0x00007ffd5fa4e000 	C:\WINDOWS\SYSTEM32\windows.storage.dll
0x00007ffd5f040000 - 0x00007ffd5f17e000 	C:\WINDOWS\SYSTEM32\wintypes.dll
0x00007ffd63c10000 - 0x00007ffd63d01000 	C:\WINDOWS\System32\SHCORE.dll
0x00007ffd63970000 - 0x00007ffd639ce000 	C:\WINDOWS\System32\shlwapi.dll
0x00007ffd610a0000 - 0x00007ffd610c1000 	C:\WINDOWS\SYSTEM32\profapi.dll
0x00007ffd4bf90000 - 0x00007ffd4bfa9000 	C:\Program Files\Android\Android Studio\jbr\bin\net.dll
0x00007ffd58600000 - 0x00007ffd58737000 	C:\WINDOWS\SYSTEM32\WINHTTP.dll
0x00007ffd60720000 - 0x00007ffd60789000 	C:\WINDOWS\system32\mswsock.dll
0x00007ffd4a750000 - 0x00007ffd4a766000 	C:\Program Files\Android\Android Studio\jbr\bin\nio.dll

dbghelp: loaded successfully - version: 4.0.5 - missing functions: none
symbol engine: initialized successfully - sym options: 0x614 - pdb path: (cannot be retrieved)

VM Arguments:
java_command: org.jetbrains.kotlin.cli.jvm.K2JVMCompiler @C:\Users\JaHost\Documents\GitHub\InvBike\app\build\20230612_11051988258371265456.compiler.options
java_class_path (initial): C:\Users\JaHost\Documents\GitHub\caches\modules-2\files-2.1\org.jetbrains.kotlin\kotlin-compiler-embeddable\1.8.20\78d9baa57f65babf9e0a93e51f62f26f5f35ac3e\kotlin-compiler-embeddable-1.8.20.jar;C:\Users\JaHost\Documents\GitHub\caches\modules-2\files-2.1\org.jetbrains.kotlin\kotlin-stdlib\1.8.20\e72fc5e03ec6c064c678a6bd0d955c88d55b0c4a\kotlin-stdlib-1.8.20.jar;C:\Users\JaHost\Documents\GitHub\caches\modules-2\files-2.1\org.jetbrains.kotlin\kotlin-script-runtime\1.8.20\c850771e723701f9d63dbcf641429c0f29290074\kotlin-script-runtime-1.8.20.jar;C:\Users\JaHost\Documents\GitHub\caches\modules-2\files-2.1\org.jetbrains.kotlin\kotlin-reflect\1.6.10\1cbe9c92c12a94eea200d23c2bbaedaf3daf5132\kotlin-reflect-1.6.10.jar;C:\Users\JaHost\Documents\GitHub\caches\modules-2\files-2.1\org.jetbrains.kotlin\kotlin-daemon-embeddable\1.8.20\c1b808fbe5fee60bd0504a54778120ef40f383d4\kotlin-daemon-embeddable-1.8.20.jar;C:\Users\JaHost\Documents\GitHub\caches\modules-2\files-2.1\org.jetbrains.intellij.deps\trove4j\1.0.20200330\3afb14d5f9ceb459d724e907a21145e8ff394f02\trove4j-1.0.20200330.jar;C:\Users\JaHost\Documents\GitHub\caches\modules-2\files-2.1\net.java.dev.jna\jna\5.6.0\330f2244e9030119ab3030fc3fededc86713d9cc\jna-5.6.0.jar;C:\Users\JaHost\Documents\GitHub\caches\modules-2\files-2.1\org.jetbrains.kotlin\kotlin-stdlib-common\1.8.20\5eddaaf234c8c49d03eebeb6a14feb7f90faca71\kotlin-stdlib-common-1.8.20.jar;C:\Users\JaHost\Documents\GitHub\caches\modules-2\files-2.1\org.jetbrains\annotations\13.0\919f0dfe192fb4e063e7dacadee7f8bb9a2672a9\annotations-13.0.jar
Launcher Type: SUN_STANDARD

[Global flags]
     intx CICompilerCount                          = 4                                         {product} {ergonomic}
     uint ConcGCThreads                            = 3                                         {product} {ergonomic}
     uint G1ConcRefinementThreads                  = 10                                        {product} {ergonomic}
   size_t G1HeapRegionSize                         = 2097152                                   {product} {ergonomic}
    uintx GCDrainStackTargetSize                   = 64                                        {product} {ergonomic}
   size_t InitialHeapSize                          = 268435456                                 {product} {ergonomic}
   size_t MarkStackSize                            = 4194304                                   {product} {ergonomic}
   size_t MaxHeapSize                              = 4273995776                                {product} {ergonomic}
   size_t MaxNewSize                               = 2562719744                                {product} {ergonomic}
   size_t MinHeapDeltaBytes                        = 2097152                                   {product} {ergonomic}
   size_t MinHeapSize                              = 8388608                                   {product} {ergonomic}
    uintx NonNMethodCodeHeapSize                   = 5839372                                {pd product} {ergonomic}
    uintx NonProfiledCodeHeapSize                  = 122909434                              {pd product} {ergonomic}
    uintx ProfiledCodeHeapSize                     = 122909434                              {pd product} {ergonomic}
    uintx ReservedCodeCacheSize                    = 251658240                              {pd product} {ergonomic}
     bool SegmentedCodeCache                       = true                                      {product} {ergonomic}
   size_t SoftMaxHeapSize                          = 4273995776                             {manageable} {ergonomic}
     bool UseCompressedClassPointers               = true                           {product lp64_product} {ergonomic}
     bool UseCompressedOops                        = true                           {product lp64_product} {ergonomic}
     bool UseG1GC                                  = true                                      {product} {ergonomic}
     bool UseLargePagesIndividualAllocation        = false                                  {pd product} {ergonomic}

Logging:
Log output configuration:
 #0: stdout all=warning uptime,level,tags
 #1: stderr all=off uptime,level,tags

Environment Variables:
PATH=C:\Program Files (x86)\Common Files\Oracle\Java\javapath;C:\WINDOWS\system32;C:\WINDOWS;C:\WINDOWS\System32\Wbem;C:\WINDOWS\System32\WindowsPowerShell\v1.0\;C:\WINDOWS\System32\OpenSSH\;C:\Program Files\NVIDIA Corporation\NVIDIA NvDLISR;C:\Program Files (x86)\NVIDIA Corporation\PhysX\Common;C:\Program Files (x86)\Calibre2\;C:\WINDOWS\system32;C:\WINDOWS;C:\WINDOWS\System32\Wbem;C:\WINDOWS\System32\WindowsPowerShell\v1.0\;C:\WINDOWS\System32\OpenSSH\;C:\Program Files\Microsoft SQL Server\120\Tools\Binn\;C:\Program Files\Git\cmd;C:\Users\JaHost\AppData\Local\Microsoft\WindowsApps;C:\Users\JaHost\AppData\Local\GitHubDesktop\bin;;C:\Users\JaHost\AppData\Local\Programs\Microsoft VS Code\bin
USERNAME=JaHost
OS=Windows_NT
PROCESSOR_IDENTIFIER=Intel64 Family 6 Model 158 Stepping 10, GenuineIntel
TMP=C:\Users\JaHost\AppData\Local\Temp
TEMP=C:\Users\JaHost\AppData\Local\Temp



---------------  S Y S T E M  ---------------

OS:
 Windows 11 , 64 bit Build 22621 (10.0.22621.1635)
OS uptime: 0 days 10:20 hours

CPU: total 12 (initial active 12) (6 cores per cpu, 2 threads per core) family 6 model 158 stepping 10 microcode 0xde, cx8, cmov, fxsr, ht, mmx, 3dnowpref, sse, sse2, sse3, ssse3, sse4.1, sse4.2, popcnt, lzcnt, tsc, tscinvbit, avx, avx2, aes, erms, clmul, bmi1, bmi2, adx, fma, vzeroupper, clflush, clflushopt

Memory: 4k page, system-wide physical 16303M (2912M free)
TotalPageFile size 18351M (AvailPageFile size 2M)
current process WorkingSet (physical memory assigned to process): 80M, peak: 80M
current process commit charge ("private bytes"): 359M, peak: 359M

vm_info: OpenJDK 64-Bit Server VM (17.0.6+0-b2043.56-9586694) for windows-amd64 JRE (17.0.6+0-b2043.56-9586694), built on Feb  9 2023 20:06:20 by "androidbuild" with MS VC++ 16.10 / 16.11 (VS2019)

END.
